<?xml version="1.0" encoding="UTF-8"?>
<!-- Generated by org.testng.reporters.JUnitXMLReporter -->
<testsuite ignored="2" hostname="desktop1" failures="0" tests="12" name="Test" time="20.625" errors="0" timestamp="2024-07-10T21:10:52 BDT">
  <testcase classname="api.test.UserTests" name="test_CreateUser" time="3.374"/>
  <testcase classname="api.test.UserTests" name="test_GetUser" time="1.256"/>
  <testcase classname="api.test.UserTests" name="test_UpdateUser" time="3.132"/>
  <testcase classname="api.test.UserTests" name="test_DeleteUser" time="1.245"/>
  <testcase classname="api.test.DDTests" name="test_postUser" time="1.253"/>
  <testcase classname="api.test.DDTests" name="test_postUser" time="1.241"/>
  <testcase classname="api.test.DDTests" name="test_postUser" time="1.233"/>
  <testcase classname="api.test.DDTests" name="test_postUser" time="1.229"/>
  <testcase classname="api.test.DDTests" name="test_deleteuser" time="1.225"/>
  <testcase classname="api.test.DDTests" name="test_deleteuser" time="1.219"/>
  <testcase classname="api.test.DDTests" name="test_deleteuser" time="1.225"/>
  <testcase classname="api.test.DDTests" name="test_deleteuser" time="1.232"/>
  <testcase classname="api.test.BaseClass" name="@BeforeSuite beforeSuite" time="0.0">
    <ignored/>
  </testcase> <!-- @BeforeSuite beforeSuite -->
  <testcase classname="api.test.BaseClass" name="@AfterSuite afterSuite" time="0.0">
    <ignored/>
  </testcase> <!-- @AfterSuite afterSuite -->
</testsuite> <!-- Test -->
