<?xml version="1.0" encoding="UTF-8"?>
<!-- Generated by org.testng.reporters.JUnitXMLReporter -->
<testsuite ignored="0" hostname="desktop1" failures="0" tests="6" name="Default test" time="12.101" errors="0" timestamp="2024-07-14T10:05:18 BDT">
  <testcase classname="api.test.UserTests" name="test_CreateUser" time="3.314"/>
  <testcase classname="api.test.UserTests" name="test_GetUser" time="1.342"/>
  <testcase classname="api.test.UserTests" name="test_LoginUser" time="1.846"/>
  <testcase classname="api.test.UserTests" name="test_LogoutUser" time="1.374"/>
  <testcase classname="api.test.UserTests" name="test_UpdateUser" time="2.671"/>
  <testcase classname="api.test.UserTests" name="test_DeleteUser" time="1.284"/>
</testsuite> <!-- Default test -->
