<?xml version="1.0" encoding="UTF-8"?>
<!-- Generated by org.testng.reporters.JUnitXMLReporter -->
<testsuite ignored="0" hostname="desktop1" failures="0" tests="8" name="Default test" time="13.862" errors="0" timestamp="2024-07-10T15:25:20 BDT">
  <testcase classname="api.test.DDTests" name="test_postUser" time="3.249"/>
  <testcase classname="api.test.DDTests" name="test_postUser" time="1.272"/>
  <testcase classname="api.test.DDTests" name="test_postUser" time="1.254"/>
  <testcase classname="api.test.DDTests" name="test_postUser" time="1.299"/>
  <testcase classname="api.test.DDTests" name="test_deleteuser" time="1.282"/>
  <testcase classname="api.test.DDTests" name="test_deleteuser" time="1.285"/>
  <testcase classname="api.test.DDTests" name="test_deleteuser" time="1.286"/>
  <testcase classname="api.test.DDTests" name="test_deleteuser" time="1.281"/>
</testsuite> <!-- Default test -->
