<?xml version="1.0" encoding="UTF-8"?>
<testsuite xmlns:xsi="http://www.w3.org/2001/XMLSchema-instance" xsi:noNamespaceSchemaLocation="https://maven.apache.org/surefire/maven-surefire-plugin/xsd/surefire-test-report.xsd" version="3.0.1" name="TestSuite" time="21.907" tests="12" errors="0" skipped="0" failures="0">
  <properties>
[...]
</properties>
  <testcase name="test_CreateUser" classname="api.test.UserTests" time="3.375">
    <system-out><![CDATA[21:10:31.565 [main] DEBUG org.testng.TestNG -- suiteXmlPath: "G:\RedDot_Internship\PetStore_API_RestAssured\petstore_automation\src\test\resources\testng.xml"
21:10:32.257 [main] INFO api.test.UserTests -- setting up userdata for request body
21:10:32.477 [main] INFO api.test.UserTests -- userdata setup complete
21:10:32.503 [main] INFO api.test.UserTests -- validating user creation through statuscode
21:10:35.824 [main] INFO api.test.UserTests -- logging response body
HTTP/1.1 200 OK
Date: Wed, 10 Jul 2024 15:10:35 GMT
Content-Type: application/json
Transfer-Encoding: chunked
Connection: keep-alive
Access-Control-Allow-Origin: *
Access-Control-Allow-Methods: GET, POST, DELETE, PUT
Access-Control-Allow-Headers: Content-Type, api_key, Authorization
Server: Jetty(9.2.9.v20150224)

{
    "code": 200,
    "type": "unknown",
    "message": "923341586"
}
]]></system-out>
    <system-err><![CDATA[SLF4J(W): Class path contains multiple SLF4J providers.
SLF4J(W): Found provider [ch.qos.logback.classic.spi.LogbackServiceProvider@4678c730]
SLF4J(W): Found provider [org.slf4j.simple.SimpleServiceProvider@6767c1fc]
SLF4J(W): See https://www.slf4j.org/codes.html#multiple_bindings for an explanation.
SLF4J(I): Actual provider is of type [ch.qos.logback.classic.spi.LogbackServiceProvider@4678c730]
]]></system-err>
  </testcase>
  <testcase name="test_GetUser" classname="api.test.UserTests" time="1.256">
    <system-out><![CDATA[21:10:35.873 [main] INFO api.test.UserTests -- validating status code of the get method for showing created user
21:10:37.126 [main] INFO api.test.UserTests -- logging response body
HTTP/1.1 200 OK
Date: Wed, 10 Jul 2024 15:10:36 GMT
Content-Type: application/json
Transfer-Encoding: chunked
Connection: keep-alive
Access-Control-Allow-Origin: *
Access-Control-Allow-Methods: GET, POST, DELETE, PUT
Access-Control-Allow-Headers: Content-Type, api_key, Authorization
Server: Jetty(9.2.9.v20150224)

{
    "id": 923341586,
    "username": "kendall.konopelski",
    "email": "douglass.kuhn@example.com",
    "password": "dc3qh4v",
    "phone": "901-709-8494",
    "userStatus": 0
}
]]></system-out>
  </testcase>
  <testcase name="test_UpdateUser" classname="api.test.UserTests" time="3.132">
    <system-out><![CDATA[21:10:37.130 [main] INFO api.test.UserTests -- validating status code for update user
21:10:37.130 [main] INFO api.test.UserTests -- setting up modified data for operation update
21:10:38.365 [main] INFO api.test.UserTests -- logging response body
HTTP/1.1 200 OK
Date: Wed, 10 Jul 2024 15:10:37 GMT
Content-Type: application/json
Transfer-Encoding: chunked
Connection: keep-alive
Access-Control-Allow-Origin: *
Access-Control-Allow-Methods: GET, POST, DELETE, PUT
Access-Control-Allow-Headers: Content-Type, api_key, Authorization
Server: Jetty(9.2.9.v20150224)

{
    "code": 200,
    "type": "unknown",
    "message": "923341586"
}
21:10:39.599 [main] INFO api.test.UserTests -- logging response body
HTTP/1.1 200 OK
Date: Wed, 10 Jul 2024 15:10:39 GMT
Content-Type: application/json
Transfer-Encoding: chunked
Connection: keep-alive
Access-Control-Allow-Origin: *
Access-Control-Allow-Methods: GET, POST, DELETE, PUT
Access-Control-Allow-Headers: Content-Type, api_key, Authorization
Server: Jetty(9.2.9.v20150224)

{
    "id": 923341586,
    "username": "wayne.gottlieb",
    "email": "brent.abshire@example.com",
    "password": "rsm8txudk",
    "phone": "901-709-8494",
    "userStatus": 0
}
21:10:40.224 [main] INFO api.test.UserTests -- logging username is :wayne.gottlieb
21:10:40.225 [main] INFO api.test.UserTests -- Checking Staus code to be 200
21:10:40.225 [main] INFO api.test.UserTests -- checking reponse body
]]></system-out>
  </testcase>
  <testcase name="test_DeleteUser" classname="api.test.UserTests" time="1.245">
    <system-out><![CDATA[21:10:40.263 [main] INFO api.test.UserTests -- validating status code for delete user
--------USER:wayne.gottlieb
21:10:41.506 [main] INFO api.test.UserTests -- logging response body
HTTP/1.1 200 OK
Date: Wed, 10 Jul 2024 15:10:41 GMT
Content-Type: application/json
Transfer-Encoding: chunked
Connection: keep-alive
Access-Control-Allow-Origin: *
Access-Control-Allow-Methods: GET, POST, DELETE, PUT
Access-Control-Allow-Headers: Content-Type, api_key, Authorization
Server: Jetty(9.2.9.v20150224)

{
    "code": 200,
    "type": "unknown",
    "message": "wayne.gottlieb"
}
]]></system-out>
  </testcase>
  <testcase name="test_postUser[1010, testuser1, John, Starc, john@gmail.com, test@1, 1234567890](1)" classname="api.test.DDTests" time="1.253">
    <system-out><![CDATA[2024-07-10T15:10:41.599916200Z main ERROR Log4j2 could not find a logging implementation. Please add log4j-core to the classpath. Using SimpleLogger to log to the console...
--------------4-----------
--------------7-----------
21:10:42.925 [main] INFO api.test.UserTests -- Validating create user in ddt test suite
21:10:44.177 [main] INFO api.test.UserTests -- logging response body
HTTP/1.1 200 OK
Date: Wed, 10 Jul 2024 15:10:43 GMT
Content-Type: application/json
Transfer-Encoding: chunked
Connection: keep-alive
Access-Control-Allow-Origin: *
Access-Control-Allow-Methods: GET, POST, DELETE, PUT
Access-Control-Allow-Headers: Content-Type, api_key, Authorization
Server: Jetty(9.2.9.v20150224)

{
    "code": 200,
    "type": "unknown",
    "message": "1010"
}
]]></system-out>
  </testcase>
  <testcase name="test_postUser[1020, testuser2, Kim, Kennedy, kim@gmail.com, test@2, 1234567890](2)" classname="api.test.DDTests" time="1.241">
    <system-out><![CDATA[21:10:44.180 [main] INFO api.test.UserTests -- Validating create user in ddt test suite
21:10:45.419 [main] INFO api.test.UserTests -- logging response body
HTTP/1.1 200 OK
Date: Wed, 10 Jul 2024 15:10:44 GMT
Content-Type: application/json
Transfer-Encoding: chunked
Connection: keep-alive
Access-Control-Allow-Origin: *
Access-Control-Allow-Methods: GET, POST, DELETE, PUT
Access-Control-Allow-Headers: Content-Type, api_key, Authorization
Server: Jetty(9.2.9.v20150224)

{
    "code": 200,
    "type": "unknown",
    "message": "1020"
}
]]></system-out>
  </testcase>
  <testcase name="test_postUser[1030, testuser3, Smith, Mitchel, smith@gmail.com, test@3, 1234567890](3)" classname="api.test.DDTests" time="1.232">
    <system-out><![CDATA[21:10:45.421 [main] INFO api.test.UserTests -- Validating create user in ddt test suite
21:10:46.651 [main] INFO api.test.UserTests -- logging response body
HTTP/1.1 200 OK
Date: Wed, 10 Jul 2024 15:10:46 GMT
Content-Type: application/json
Transfer-Encoding: chunked
Connection: keep-alive
Access-Control-Allow-Origin: *
Access-Control-Allow-Methods: GET, POST, DELETE, PUT
Access-Control-Allow-Headers: Content-Type, api_key, Authorization
Server: Jetty(9.2.9.v20150224)

{
    "code": 200,
    "type": "unknown",
    "message": "1030"
}
]]></system-out>
  </testcase>
  <testcase name="test_postUser[1040, testuser4, Kelly, Matt, kelly@gmail.com, test@4, 12457896545](4)" classname="api.test.DDTests" time="1.229">
    <system-out><![CDATA[21:10:46.654 [main] INFO api.test.UserTests -- Validating create user in ddt test suite
21:10:47.880 [main] INFO api.test.UserTests -- logging response body
HTTP/1.1 200 OK
Date: Wed, 10 Jul 2024 15:10:47 GMT
Content-Type: application/json
Transfer-Encoding: chunked
Connection: keep-alive
Access-Control-Allow-Origin: *
Access-Control-Allow-Methods: GET, POST, DELETE, PUT
Access-Control-Allow-Headers: Content-Type, api_key, Authorization
Server: Jetty(9.2.9.v20150224)

{
    "code": 200,
    "type": "unknown",
    "message": "1040"
}
]]></system-out>
  </testcase>
  <testcase name="test_deleteuser[testuser1](1)" classname="api.test.DDTests" time="1.225">
    <system-out><![CDATA[21:10:47.956 [main] INFO api.test.UserTests -- Validating the delete user DELETE request in ddt
--------USER:testuser1
21:10:49.178 [main] INFO api.test.UserTests -- logging response body
HTTP/1.1 200 OK
Date: Wed, 10 Jul 2024 15:10:48 GMT
Content-Type: application/json
Transfer-Encoding: chunked
Connection: keep-alive
Access-Control-Allow-Origin: *
Access-Control-Allow-Methods: GET, POST, DELETE, PUT
Access-Control-Allow-Headers: Content-Type, api_key, Authorization
Server: Jetty(9.2.9.v20150224)

{
    "code": 200,
    "type": "unknown",
    "message": "testuser1"
}
--------{"code":200,"type":"unknown","message":"testuser1"}
]]></system-out>
  </testcase>
  <testcase name="test_deleteuser[testuser2](2)" classname="api.test.DDTests" time="1.222">
    <system-out><![CDATA[21:10:49.182 [main] INFO api.test.UserTests -- Validating the delete user DELETE request in ddt
--------USER:testuser2
21:10:50.399 [main] INFO api.test.UserTests -- logging response body
HTTP/1.1 200 OK
Date: Wed, 10 Jul 2024 15:10:49 GMT
Content-Type: application/json
Transfer-Encoding: chunked
Connection: keep-alive
Access-Control-Allow-Origin: *
Access-Control-Allow-Methods: GET, POST, DELETE, PUT
Access-Control-Allow-Headers: Content-Type, api_key, Authorization
Server: Jetty(9.2.9.v20150224)

{
    "code": 200,
    "type": "unknown",
    "message": "testuser2"
}
--------{"code":200,"type":"unknown","message":"testuser2"}
]]></system-out>
  </testcase>
  <testcase name="test_deleteuser[testuser3](3)" classname="api.test.DDTests" time="1.224">
    <system-out><![CDATA[21:10:50.405 [main] INFO api.test.UserTests -- Validating the delete user DELETE request in ddt
--------USER:testuser3
21:10:51.627 [main] INFO api.test.UserTests -- logging response body
HTTP/1.1 200 OK
Date: Wed, 10 Jul 2024 15:10:51 GMT
Content-Type: application/json
Transfer-Encoding: chunked
Connection: keep-alive
Access-Control-Allow-Origin: *
Access-Control-Allow-Methods: GET, POST, DELETE, PUT
Access-Control-Allow-Headers: Content-Type, api_key, Authorization
Server: Jetty(9.2.9.v20150224)

{
    "code": 200,
    "type": "unknown",
    "message": "testuser3"
}
--------{"code":200,"type":"unknown","message":"testuser3"}
]]></system-out>
  </testcase>
  <testcase name="test_deleteuser[testuser4](4)" classname="api.test.DDTests" time="1.233">
    <system-out><![CDATA[21:10:51.629 [main] INFO api.test.UserTests -- Validating the delete user DELETE request in ddt
--------USER:testuser4
21:10:52.858 [main] INFO api.test.UserTests -- logging response body
HTTP/1.1 200 OK
Date: Wed, 10 Jul 2024 15:10:52 GMT
Content-Type: application/json
Transfer-Encoding: chunked
Connection: keep-alive
Access-Control-Allow-Origin: *
Access-Control-Allow-Methods: GET, POST, DELETE, PUT
Access-Control-Allow-Headers: Content-Type, api_key, Authorization
Server: Jetty(9.2.9.v20150224)

{
    "code": 200,
    "type": "unknown",
    "message": "testuser4"
}
--------{"code":200,"type":"unknown","message":"testuser4"}
]]></system-out>
  </testcase>
</testsuite>