<?xml version="1.0" encoding="UTF-8"?>
<testng-results ignored="0" total="12" passed="12" failed="0" skipped="0">
  <reporter-output>
  </reporter-output>
  <suite started-at="2024-07-10T21:10:32 BDT" name="Suite" finished-at="2024-07-10T21:10:52 BDT" duration-ms="20625">
    <groups>
    </groups>
    <test started-at="2024-07-10T21:10:32 BDT" name="Test" finished-at="2024-07-10T21:10:52 BDT" duration-ms="20625">
      <class name="api.test.UserTests">
        <test-method is-config="true" signature="beforeSuite()[pri:0, instance:api.test.UserTests@58ea606c]" started-at="2024-07-10T21:10:31 BDT" name="beforeSuite" finished-at="2024-07-10T21:10:32 BDT" duration-ms="315" status="PASS">
          <reporter-output>
          </reporter-output>
        </test-method> <!-- beforeSuite -->
        <test-method is-config="true" signature="setupData()[pri:0, instance:api.test.UserTests@58ea606c]" started-at="2024-07-10T21:10:32 BDT" name="setupData" finished-at="2024-07-10T21:10:32 BDT" duration-ms="222" status="PASS">
          <reporter-output>
          </reporter-output>
        </test-method> <!-- setupData -->
        <test-method signature="test_CreateUser()[pri:1, instance:api.test.UserTests@58ea606c]" started-at="2024-07-10T21:10:32 BDT" name="test_CreateUser" description="Test for validating a user creation in the pet store" finished-at="2024-07-10T21:10:35 BDT" duration-ms="3374" status="PASS">
          <reporter-output>
          </reporter-output>
        </test-method> <!-- test_CreateUser -->
        <test-method signature="test_GetUser()[pri:2, instance:api.test.UserTests@58ea606c]" started-at="2024-07-10T21:10:35 BDT" name="test_GetUser" description="Test for Validating Get user through status code" finished-at="2024-07-10T21:10:37 BDT" depends-on-methods="api.test.UserTests.test_CreateUser" duration-ms="1256" status="PASS">
          <reporter-output>
          </reporter-output>
        </test-method> <!-- test_GetUser -->
        <test-method signature="test_UpdateUser()[pri:3, instance:api.test.UserTests@58ea606c]" started-at="2024-07-10T21:10:37 BDT" name="test_UpdateUser" description="Test for Validating update user through status code" finished-at="2024-07-10T21:10:40 BDT" depends-on-methods="api.test.UserTests.test_CreateUser, api.test.UserTests.test_GetUser" duration-ms="3132" status="PASS">
          <reporter-output>
          </reporter-output>
        </test-method> <!-- test_UpdateUser -->
        <test-method signature="test_DeleteUser()[pri:4, instance:api.test.UserTests@58ea606c]" started-at="2024-07-10T21:10:40 BDT" name="test_DeleteUser" description="Test for Validating delete user through status code" finished-at="2024-07-10T21:10:41 BDT" depends-on-methods="api.test.UserTests.test_CreateUser, api.test.UserTests.test_UpdateUser, api.test.UserTests.test_GetUser" duration-ms="1245" status="PASS">
          <reporter-output>
          </reporter-output>
        </test-method> <!-- test_DeleteUser -->
        <test-method is-config="true" signature="afterSuite()[pri:0, instance:api.test.UserTests@58ea606c]" started-at="2024-07-10T21:10:52 BDT" name="afterSuite" finished-at="2024-07-10T21:10:53 BDT" duration-ms="282" status="PASS">
          <reporter-output>
          </reporter-output>
        </test-method> <!-- afterSuite -->
      </class> <!-- api.test.UserTests -->
      <class name="api.test.DDTests">
        <test-method signature="test_postUser(java.lang.String,java.lang.String,java.lang.String,java.lang.String,java.lang.String,java.lang.String,java.lang.String)[pri:1, instance:api.test.DDTests@2d2ffcb7]" started-at="2024-07-10T21:10:42 BDT" name="test_postUser" description="Test case for creating user through post method" data-provider="Data" finished-at="2024-07-10T21:10:44 BDT" duration-ms="1253" status="PASS">
          <params>
            <param index="0">
              <value>
                <![CDATA[1010]]>
              </value>
            </param>
            <param index="1">
              <value>
                <![CDATA[testuser1]]>
              </value>
            </param>
            <param index="2">
              <value>
                <![CDATA[John]]>
              </value>
            </param>
            <param index="3">
              <value>
                <![CDATA[Starc]]>
              </value>
            </param>
            <param index="4">
              <value>
                <![CDATA[john@gmail.com]]>
              </value>
            </param>
            <param index="5">
              <value>
                <![CDATA[test@1]]>
              </value>
            </param>
            <param index="6">
              <value>
                <![CDATA[1234567890]]>
              </value>
            </param>
          </params>
          <reporter-output>
          </reporter-output>
        </test-method> <!-- test_postUser -->
        <test-method signature="test_postUser(java.lang.String,java.lang.String,java.lang.String,java.lang.String,java.lang.String,java.lang.String,java.lang.String)[pri:1, instance:api.test.DDTests@2d2ffcb7]" started-at="2024-07-10T21:10:44 BDT" name="test_postUser" description="Test case for creating user through post method" data-provider="Data" finished-at="2024-07-10T21:10:45 BDT" duration-ms="1241" status="PASS">
          <params>
            <param index="0">
              <value>
                <![CDATA[1020]]>
              </value>
            </param>
            <param index="1">
              <value>
                <![CDATA[testuser2]]>
              </value>
            </param>
            <param index="2">
              <value>
                <![CDATA[Kim]]>
              </value>
            </param>
            <param index="3">
              <value>
                <![CDATA[Kennedy]]>
              </value>
            </param>
            <param index="4">
              <value>
                <![CDATA[kim@gmail.com]]>
              </value>
            </param>
            <param index="5">
              <value>
                <![CDATA[test@2]]>
              </value>
            </param>
            <param index="6">
              <value>
                <![CDATA[1234567890]]>
              </value>
            </param>
          </params>
          <reporter-output>
          </reporter-output>
        </test-method> <!-- test_postUser -->
        <test-method signature="test_postUser(java.lang.String,java.lang.String,java.lang.String,java.lang.String,java.lang.String,java.lang.String,java.lang.String)[pri:1, instance:api.test.DDTests@2d2ffcb7]" started-at="2024-07-10T21:10:45 BDT" name="test_postUser" description="Test case for creating user through post method" data-provider="Data" finished-at="2024-07-10T21:10:46 BDT" duration-ms="1233" status="PASS">
          <params>
            <param index="0">
              <value>
                <![CDATA[1030]]>
              </value>
            </param>
            <param index="1">
              <value>
                <![CDATA[testuser3]]>
              </value>
            </param>
            <param index="2">
              <value>
                <![CDATA[Smith]]>
              </value>
            </param>
            <param index="3">
              <value>
                <![CDATA[Mitchel]]>
              </value>
            </param>
            <param index="4">
              <value>
                <![CDATA[smith@gmail.com]]>
              </value>
            </param>
            <param index="5">
              <value>
                <![CDATA[test@3]]>
              </value>
            </param>
            <param index="6">
              <value>
                <![CDATA[1234567890]]>
              </value>
            </param>
          </params>
          <reporter-output>
          </reporter-output>
        </test-method> <!-- test_postUser -->
        <test-method signature="test_postUser(java.lang.String,java.lang.String,java.lang.String,java.lang.String,java.lang.String,java.lang.String,java.lang.String)[pri:1, instance:api.test.DDTests@2d2ffcb7]" started-at="2024-07-10T21:10:46 BDT" name="test_postUser" description="Test case for creating user through post method" data-provider="Data" finished-at="2024-07-10T21:10:47 BDT" duration-ms="1229" status="PASS">
          <params>
            <param index="0">
              <value>
                <![CDATA[1040]]>
              </value>
            </param>
            <param index="1">
              <value>
                <![CDATA[testuser4]]>
              </value>
            </param>
            <param index="2">
              <value>
                <![CDATA[Kelly]]>
              </value>
            </param>
            <param index="3">
              <value>
                <![CDATA[Matt]]>
              </value>
            </param>
            <param index="4">
              <value>
                <![CDATA[kelly@gmail.com]]>
              </value>
            </param>
            <param index="5">
              <value>
                <![CDATA[test@4]]>
              </value>
            </param>
            <param index="6">
              <value>
                <![CDATA[12457896545]]>
              </value>
            </param>
          </params>
          <reporter-output>
          </reporter-output>
        </test-method> <!-- test_postUser -->
        <test-method signature="test_deleteuser(java.lang.String)[pri:2, instance:api.test.DDTests@2d2ffcb7]" started-at="2024-07-10T21:10:47 BDT" name="test_deleteuser" description="Testing the delete request for ddt" data-provider="UserNames" finished-at="2024-07-10T21:10:49 BDT" duration-ms="1225" status="PASS">
          <params>
            <param index="0">
              <value>
                <![CDATA[testuser1]]>
              </value>
            </param>
          </params>
          <reporter-output>
          </reporter-output>
        </test-method> <!-- test_deleteuser -->
        <test-method signature="test_deleteuser(java.lang.String)[pri:2, instance:api.test.DDTests@2d2ffcb7]" started-at="2024-07-10T21:10:49 BDT" name="test_deleteuser" description="Testing the delete request for ddt" data-provider="UserNames" finished-at="2024-07-10T21:10:50 BDT" duration-ms="1219" status="PASS">
          <params>
            <param index="0">
              <value>
                <![CDATA[testuser2]]>
              </value>
            </param>
          </params>
          <reporter-output>
          </reporter-output>
        </test-method> <!-- test_deleteuser -->
        <test-method signature="test_deleteuser(java.lang.String)[pri:2, instance:api.test.DDTests@2d2ffcb7]" started-at="2024-07-10T21:10:50 BDT" name="test_deleteuser" description="Testing the delete request for ddt" data-provider="UserNames" finished-at="2024-07-10T21:10:51 BDT" duration-ms="1225" status="PASS">
          <params>
            <param index="0">
              <value>
                <![CDATA[testuser3]]>
              </value>
            </param>
          </params>
          <reporter-output>
          </reporter-output>
        </test-method> <!-- test_deleteuser -->
        <test-method signature="test_deleteuser(java.lang.String)[pri:2, instance:api.test.DDTests@2d2ffcb7]" started-at="2024-07-10T21:10:51 BDT" name="test_deleteuser" description="Testing the delete request for ddt" data-provider="UserNames" finished-at="2024-07-10T21:10:52 BDT" duration-ms="1232" status="PASS">
          <params>
            <param index="0">
              <value>
                <![CDATA[testuser4]]>
              </value>
            </param>
          </params>
          <reporter-output>
          </reporter-output>
        </test-method> <!-- test_deleteuser -->
      </class> <!-- api.test.DDTests -->
    </test> <!-- Test -->
  </suite> <!-- Suite -->
</testng-results>
