<?xml version="1.0" encoding="UTF-8"?>
<testng-results ignored="0" total="6" passed="6" failed="0" skipped="0">
  <reporter-output>
  </reporter-output>
  <suite started-at="2024-07-14T10:05:06 BDT" name="Default suite" finished-at="2024-07-14T10:05:18 BDT" duration-ms="12101">
    <groups>
    </groups>
    <test started-at="2024-07-14T10:05:06 BDT" name="Default test" finished-at="2024-07-14T10:05:18 BDT" duration-ms="12101">
      <class name="api.test.UserTests">
        <test-method is-config="true" signature="beforeSuite()[pri:0, instance:api.test.UserTests@32910148]" started-at="2024-07-14T10:05:06 BDT" name="beforeSuite" finished-at="2024-07-14T10:05:06 BDT" duration-ms="284" status="PASS">
          <reporter-output>
          </reporter-output>
        </test-method> <!-- beforeSuite -->
        <test-method is-config="true" signature="setupData()[pri:0, instance:api.test.UserTests@32910148]" started-at="2024-07-14T10:05:06 BDT" name="setupData" finished-at="2024-07-14T10:05:06 BDT" duration-ms="219" status="PASS">
          <reporter-output>
          </reporter-output>
        </test-method> <!-- setupData -->
        <test-method signature="test_CreateUser()[pri:1, instance:api.test.UserTests@32910148]" started-at="2024-07-14T10:05:06 BDT" name="test_CreateUser" description="Test for validating a user creation in the pet store" finished-at="2024-07-14T10:05:10 BDT" duration-ms="3314" status="PASS">
          <reporter-output>
          </reporter-output>
        </test-method> <!-- test_CreateUser -->
        <test-method signature="test_GetUser()[pri:2, instance:api.test.UserTests@32910148]" started-at="2024-07-14T10:05:10 BDT" name="test_GetUser" description="Test for Validating Get user through status code" finished-at="2024-07-14T10:05:11 BDT" depends-on-methods="api.test.UserTests.test_CreateUser" duration-ms="1342" status="PASS">
          <reporter-output>
          </reporter-output>
        </test-method> <!-- test_GetUser -->
        <test-method signature="test_LoginUser()[pri:3, instance:api.test.UserTests@32910148]" started-at="2024-07-14T10:05:11 BDT" name="test_LoginUser" description="Test for validating login user" finished-at="2024-07-14T10:05:13 BDT" duration-ms="1846" status="PASS">
          <reporter-output>
          </reporter-output>
        </test-method> <!-- test_LoginUser -->
        <test-method signature="test_LogoutUser()[pri:4, instance:api.test.UserTests@32910148]" started-at="2024-07-14T10:05:13 BDT" name="test_LogoutUser" description="test for validating of user logout" finished-at="2024-07-14T10:05:14 BDT" depends-on-methods="api.test.UserTests.test_LoginUser" duration-ms="1374" status="PASS">
          <reporter-output>
          </reporter-output>
        </test-method> <!-- test_LogoutUser -->
        <test-method signature="test_UpdateUser()[pri:5, instance:api.test.UserTests@32910148]" started-at="2024-07-14T10:05:14 BDT" name="test_UpdateUser" description="Test for Validating update user through status code" finished-at="2024-07-14T10:05:17 BDT" depends-on-methods="api.test.UserTests.test_CreateUser, api.test.UserTests.test_GetUser" duration-ms="2671" status="PASS">
          <reporter-output>
          </reporter-output>
        </test-method> <!-- test_UpdateUser -->
        <test-method signature="test_DeleteUser()[pri:6, instance:api.test.UserTests@32910148]" started-at="2024-07-14T10:05:17 BDT" name="test_DeleteUser" description="Test for Validating delete user through status code" finished-at="2024-07-14T10:05:18 BDT" depends-on-methods="api.test.UserTests.test_CreateUser, api.test.UserTests.test_UpdateUser, api.test.UserTests.test_GetUser" duration-ms="1284" status="PASS">
          <reporter-output>
          </reporter-output>
        </test-method> <!-- test_DeleteUser -->
        <test-method is-config="true" signature="afterSuite()[pri:0, instance:api.test.UserTests@32910148]" started-at="2024-07-14T10:05:18 BDT" name="afterSuite" finished-at="2024-07-14T10:05:18 BDT" duration-ms="252" status="PASS">
          <reporter-output>
          </reporter-output>
        </test-method> <!-- afterSuite -->
      </class> <!-- api.test.UserTests -->
    </test> <!-- Default test -->
  </suite> <!-- Default suite -->
</testng-results>
