<?xml version="1.0" encoding="UTF-8"?>
<testng-results ignored="0" total="4" passed="4" failed="0" skipped="0">
  <reporter-output>
  </reporter-output>
  <suite started-at="2024-07-09T10:41:28 BDT" name="Default suite" finished-at="2024-07-09T10:41:38 BDT" duration-ms="9558">
    <groups>
    </groups>
    <test started-at="2024-07-09T10:41:28 BDT" name="Default test" finished-at="2024-07-09T10:41:38 BDT" duration-ms="9558">
      <class name="api.test.UserTests">
        <test-method is-config="true" signature="setupData()[pri:0, instance:api.test.UserTests@69e1dd28]" started-at="2024-07-09T10:41:28 BDT" name="setupData" finished-at="2024-07-09T10:41:28 BDT" duration-ms="222" status="PASS">
          <reporter-output>
          </reporter-output>
        </test-method> <!-- setupData -->
        <test-method signature="test_CreateUser()[pri:1, instance:api.test.UserTests@69e1dd28]" started-at="2024-07-09T10:41:28 BDT" name="test_CreateUser" description="Test for validating a user creation in the pet store" finished-at="2024-07-09T10:41:32 BDT" duration-ms="3431" status="PASS">
          <reporter-output>
          </reporter-output>
        </test-method> <!-- test_CreateUser -->
        <test-method signature="test_GetUser()[pri:2, instance:api.test.UserTests@69e1dd28]" started-at="2024-07-09T10:41:32 BDT" name="test_GetUser" description="Test for Validating Get user through status code" finished-at="2024-07-09T10:41:33 BDT" depends-on-methods="api.test.UserTests.test_CreateUser" duration-ms="1334" status="PASS">
          <reporter-output>
          </reporter-output>
        </test-method> <!-- test_GetUser -->
        <test-method signature="test_UpdateUser()[pri:3, instance:api.test.UserTests@69e1dd28]" started-at="2024-07-09T10:41:33 BDT" name="test_UpdateUser" description="Test for Validating update user through status code" finished-at="2024-07-09T10:41:36 BDT" depends-on-methods="api.test.UserTests.test_CreateUser, api.test.UserTests.test_GetUser" duration-ms="3203" status="PASS">
          <reporter-output>
          </reporter-output>
        </test-method> <!-- test_UpdateUser -->
        <test-method signature="test_DeleteUser()[pri:4, instance:api.test.UserTests@69e1dd28]" started-at="2024-07-09T10:41:36 BDT" name="test_DeleteUser" description="Test for Validating delete user through status code" finished-at="2024-07-09T10:41:38 BDT" depends-on-methods="api.test.UserTests.test_CreateUser, api.test.UserTests.test_UpdateUser, api.test.UserTests.test_GetUser" duration-ms="1308" status="PASS">
          <reporter-output>
          </reporter-output>
        </test-method> <!-- test_DeleteUser -->
      </class> <!-- api.test.UserTests -->
    </test> <!-- Default test -->
  </suite> <!-- Default suite -->
</testng-results>
