<?xml version="1.0" encoding="UTF-8"?>
<!-- Generated by org.testng.reporters.JUnitXMLReporter -->
<testsuite ignored="2" hostname="desktop1" failures="1" tests="14" name="Test" time="24.098" errors="0" timestamp="2024-07-14T10:02:03 BDT">
  <testcase classname="api.test.UserTests" name="test_CreateUser" time="3.423"/>
  <testcase classname="api.test.UserTests" name="test_GetUser" time="1.348"/>
  <testcase classname="api.test.UserTests" name="test_LoginUser" time="1.887"/>
  <testcase classname="api.test.UserTests" name="test_LogoutUser" time="1.358">
    <failure type="java.lang.AssertionError" message="message should contain ok message expected [true] but found [false]">
      <![CDATA[java.lang.AssertionError: message should contain ok message expected [true] but found [false]
at api.test.UserTests.test_LogoutUser(UserTests.java:78)
at java.base/java.util.ArrayList.forEach(ArrayList.java:1511)
... Removed 30 stack frames]]>
    </failure>
  </testcase> <!-- test_LogoutUser -->
  <testcase classname="api.test.UserTests" name="test_UpdateUser" time="2.616"/>
  <testcase classname="api.test.UserTests" name="test_DeleteUser" time="1.277"/>
  <testcase classname="api.test.DDTests" name="test_postUser" time="1.335"/>
  <testcase classname="api.test.DDTests" name="test_postUser" time="1.298"/>
  <testcase classname="api.test.DDTests" name="test_postUser" time="1.378"/>
  <testcase classname="api.test.DDTests" name="test_postUser" time="1.329"/>
  <testcase classname="api.test.DDTests" name="test_deleteuser" time="1.221"/>
  <testcase classname="api.test.DDTests" name="test_deleteuser" time="1.348"/>
  <testcase classname="api.test.DDTests" name="test_deleteuser" time="1.466"/>
  <testcase classname="api.test.DDTests" name="test_deleteuser" time="1.269"/>
  <testcase classname="api.test.BaseClass" name="@BeforeSuite beforeSuite" time="0.0">
    <ignored/>
  </testcase> <!-- @BeforeSuite beforeSuite -->
  <testcase classname="api.test.BaseClass" name="@AfterSuite afterSuite" time="0.0">
    <ignored/>
  </testcase> <!-- @AfterSuite afterSuite -->
</testsuite> <!-- Test -->
