<?xml version="1.0" encoding="UTF-8"?>
<!-- Generated by org.testng.reporters.JUnitXMLReporter -->
<testsuite ignored="2" hostname="desktop1" failures="0" tests="12" name="Test" time="38.23" errors="0" timestamp="2024-07-10T20:03:36 BDT">
  <testcase classname="api.test.UserTests" name="test_CreateUser" time="6.633"/>
  <testcase classname="api.test.UserTests" name="test_GetUser" time="2.779"/>
  <testcase classname="api.test.UserTests" name="test_UpdateUser" time="5.311"/>
  <testcase classname="api.test.UserTests" name="test_DeleteUser" time="2.093"/>
  <testcase classname="api.test.DDTests" name="test_postUser" time="1.963"/>
  <testcase classname="api.test.DDTests" name="test_postUser" time="1.938"/>
  <testcase classname="api.test.DDTests" name="test_postUser" time="3.074"/>
  <testcase classname="api.test.DDTests" name="test_postUser" time="1.901"/>
  <testcase classname="api.test.DDTests" name="test_deleteuser" time="2.657"/>
  <testcase classname="api.test.DDTests" name="test_deleteuser" time="2.661"/>
  <testcase classname="api.test.DDTests" name="test_deleteuser" time="2.342"/>
  <testcase classname="api.test.DDTests" name="test_deleteuser" time="2.877"/>
  <testcase classname="api.test.BaseClass" name="@BeforeSuite beforeSuite" time="0.0">
    <ignored/>
  </testcase> <!-- @BeforeSuite beforeSuite -->
  <testcase classname="api.test.BaseClass" name="@AfterSuite afterSuite" time="0.0">
    <ignored/>
  </testcase> <!-- @AfterSuite afterSuite -->
</testsuite> <!-- Test -->
